[debug] ----------------------------------------------------------------------
[debug] Command:      /usr/local/bin/node /usr/local/bin/firebase serve
[debug] CLI Version:  3.0.8
[debug] Platform:     darwin
[debug] Node Version: v6.5.0
[debug] Time:         Sat Nov 19 2016 12:31:30 GMT+0900 (KST)
[debug] ----------------------------------------------------------------------
[debug] 
[info] Starting Firebase development server...
[info] 
[info] Project Directory: /Users/PJH1/workspace/seven_main
[debug] TypeError: Cannot read property 'public' of undefined
    at Server.<anonymous> (/usr/local/lib/node_modules/firebase-tools/commands/serve.js:26:15)
    at Server.g (events.js:286:16)
    at emitNone (events.js:86:13)
    at Server.emit (events.js:185:7)
    at emitListeningNT (net.js:1279:10)
    at _combinedTickCallback (internal/process/next_tick.js:71:11)
    at process._tickCallback (internal/process/next_tick.js:98:9)
[error] 
[error] Error: An unexpected error has occurred.
[debug] ----------------------------------------------------------------------
[debug] Command:      /usr/local/bin/node /usr/local/bin/firebase serve
[debug] CLI Version:  3.0.8
[debug] Platform:     darwin
[debug] Node Version: v6.5.0
[debug] Time:         Sat Nov 19 2016 12:32:18 GMT+0900 (KST)
[debug] ----------------------------------------------------------------------
[debug] 
[info] Starting Firebase development server...
[info] 
[info] Project Directory: /Users/PJH1/workspace/seven_main
[debug] TypeError: Cannot read property 'public' of undefined
    at Server.<anonymous> (/usr/local/lib/node_modules/firebase-tools/commands/serve.js:26:15)
    at Server.g (events.js:286:16)
    at emitNone (events.js:86:13)
    at Server.emit (events.js:185:7)
    at emitListeningNT (net.js:1279:10)
    at _combinedTickCallback (internal/process/next_tick.js:71:11)
    at process._tickCallback (internal/process/next_tick.js:98:9)
[error] 
[error] Error: An unexpected error has occurred.
