0 info it worked if it ends with ok
1 verbose cli [ '/usr/local/bin/node',
1 verbose cli   '/usr/local/bin/npm',
1 verbose cli   'run',
1 verbose cli   'start:forever' ]
2 info using npm@3.10.3
3 info using node@v6.5.0
4 verbose run-script [ 'prestart:forever', 'start:forever', 'poststart:forever' ]
5 info lifecycle react-express-boilerplate@1.0.0~prestart:forever: react-express-boilerplate@1.0.0
6 silly lifecycle react-express-boilerplate@1.0.0~prestart:forever: no script for prestart:forever, continuing
7 info lifecycle react-express-boilerplate@1.0.0~start:forever: react-express-boilerplate@1.0.0
8 verbose lifecycle react-express-boilerplate@1.0.0~start:forever: unsafe-perm in lifecycle true
9 verbose lifecycle react-express-boilerplate@1.0.0~start:forever: PATH: /usr/local/lib/node_modules/npm/bin/node-gyp-bin:/Users/PJH1/workspace/seven_main/node_modules/.bin:/usr/local/bin:/Users/PJH1/bin:/usr/local/bin:/opt/local/bin:/opt/local/sbin:/Library/Java/JavaVirtualMachines/jdk1.8.0_45.jdk/Contents/Home/jre/bin:/opt/local/bin:/opt/local/sbin:/usr/local/bin:/usr/bin:/bin:/usr/sbin:/sbin:/usr/local/mongodb/bin:/opt/X11/bin:/usr/local/git/bin:/Applications/Sublime Text 3.app/Contents/SharedSupport/bin:/Library/Java/JavaVirtualMachines/jdk1.8.0_45.jdk/Contents/Home/bin:/Users/PJH1/Downloads/apache-maven-3.3.9/bin:/usr/local/share/scala/bin:/Users/PJH1/Downloads/spark/bin:/Users/PJH1/Downloads/spark/sbin:/Users/PJH1/Downloads/spark/
10 verbose lifecycle react-express-boilerplate@1.0.0~start:forever: CWD: /Users/PJH1/workspace/seven_main
11 silly lifecycle react-express-boilerplate@1.0.0~start:forever: Args: [ '-c', 'forever gulp' ]
12 silly lifecycle react-express-boilerplate@1.0.0~start:forever: Returned: code: 255  signal: null
13 info lifecycle react-express-boilerplate@1.0.0~start:forever: Failed to exec start:forever script
14 verbose stack Error: react-express-boilerplate@1.0.0 start:forever: `forever gulp`
14 verbose stack Exit status 255
14 verbose stack     at EventEmitter.<anonymous> (/usr/local/lib/node_modules/npm/lib/utils/lifecycle.js:242:16)
14 verbose stack     at emitTwo (events.js:106:13)
14 verbose stack     at EventEmitter.emit (events.js:191:7)
14 verbose stack     at ChildProcess.<anonymous> (/usr/local/lib/node_modules/npm/lib/utils/spawn.js:40:14)
14 verbose stack     at emitTwo (events.js:106:13)
14 verbose stack     at ChildProcess.emit (events.js:191:7)
14 verbose stack     at maybeClose (internal/child_process.js:877:16)
14 verbose stack     at Process.ChildProcess._handle.onexit (internal/child_process.js:226:5)
15 verbose pkgid react-express-boilerplate@1.0.0
16 verbose cwd /Users/PJH1/workspace/seven_main
17 error Darwin 16.0.0
18 error argv "/usr/local/bin/node" "/usr/local/bin/npm" "run" "start:forever"
19 error node v6.5.0
20 error npm  v3.10.3
21 error code ELIFECYCLE
22 error react-express-boilerplate@1.0.0 start:forever: `forever gulp`
22 error Exit status 255
23 error Failed at the react-express-boilerplate@1.0.0 start:forever script 'forever gulp'.
23 error Make sure you have the latest version of node.js and npm installed.
23 error If you do, this is most likely a problem with the react-express-boilerplate package,
23 error not with npm itself.
23 error Tell the author that this fails on your system:
23 error     forever gulp
23 error You can get information on how to open an issue for this project with:
23 error     npm bugs react-express-boilerplate
23 error Or if that isn't available, you can get their info via:
23 error     npm owner ls react-express-boilerplate
23 error There is likely additional logging output above.
24 verbose exit [ 1, true ]
